<?xml version="1.0" encoding="UTF-8"?>
<testsuites name="TestDemo" time="106" tests="3" failures="0" errors="0">
   <testsuite name="TestDemo" tests="3" failures="0" errors="0" time="106" timestamp="2018-09-05 15:25:35" hostname="sanrao - 1971WS1-E6330.callidussoftware.com" id="Test Suites/TestDemo">
      <properties>
         <property name="deviceName" value=""/>
         <property name="devicePlatform" value=""/>
         <property name="logFolder" value="C:\\Users\\sanrao\\git\\UAT_Commission\\Reports\\TestDemo\\20180905_152533"/>
         <property name="logFiles" value="C:\\Users\\sanrao\\git\\UAT_Commission\\Reports\\TestDemo\\20180905_152533\\execution0.log"/>
         <property name="attachments" value=""/>
         <property name="hostName" value="sanrao - 1971WS1-E6330.callidussoftware.com"/>
         <property name="os" value="Windows 10 64bit"/>
         <property name="katalonVersion" value="5.6.3.1"/>
         <property name="browser" value="Chrome 68.0.3440.106"/>
         <property name="hostAddress" value="192.168.245.13"/>
         <property name="sessionId" value="280d3ce2fb7b1122a278d3738edc1a00"/>
         <property name="seleniumVersion" value="3.7.1"/>
         <property name="proxyInformation" value="ProxyInformation{proxyOption=NO_PROXY, proxyServerType=HTTP, password=, proxyServerAddress=, proxyServerPort=0}"/>
         <property name="platform" value="Windows 10"/>
      </properties>
      <testcase name="Test Cases/Commission Login" classname="Test Cases/Commission Login" status="PASSED">
         <system-out><![CDATA[2018-09-05 15:25:36 - [TEST_CASE][PASSED] - Test Cases/Commission Login: Test Cases/Commission Login

2018-09-05 15:25:36 - [TEST_STEP][PASSED] - openBrowser: Browser is opened with url: ''

2018-09-05 15:25:40 - [MESSAGE][PASSED] - Browser is opened with url: ''

2018-09-05 15:25:40 - [TEST_STEP][PASSED] - navigateToUrl: Navigate to 'https://biz3-tst.callidusondemand.com/SalesPortal/#!/' successfully

2018-09-05 15:25:52 - [MESSAGE][PASSED] - Navigate to 'https://biz3-tst.callidusondemand.com/SalesPortal/#!/' successfully

2018-09-05 15:25:52 - [TEST_STEP][PASSED] - maximizeWindow: Current window maximized

2018-09-05 15:25:54 - [MESSAGE][PASSED] - Current window maximized

2018-09-05 15:25:54 - [TEST_STEP][PASSED] - setText: Text 'sanrao@calliduscloud.com' is set on object 'Object Repository/Page_Sales Performance Home/input_username'

2018-09-05 15:25:54 - [MESSAGE][PASSED] - Text 'sanrao@calliduscloud.com' is set on object 'Object Repository/Page_Sales Performance Home/input_username'

2018-09-05 15:25:54 - [TEST_STEP][PASSED] - setText: Text 'India987&' is set on object 'Object Repository/Page_Sales Performance Home/input_password'

2018-09-05 15:25:54 - [MESSAGE][PASSED] - Text 'India987&' is set on object 'Object Repository/Page_Sales Performance Home/input_password'

2018-09-05 15:25:55 - [TEST_STEP][PASSED] - click: Object: 'Object Repository/Page_Sales Performance Home/button_Login' is clicked on

2018-09-05 15:25:55 - [MESSAGE][PASSED] - Object: 'Object Repository/Page_Sales Performance Home/button_Login' is clicked on

2018-09-05 15:25:55 - [TEST_STEP][PASSED] - click: Object: 'Object Repository/Page_Sales Performance Home/span_Sales Performance Home' is clicked on

2018-09-05 15:25:59 - [MESSAGE][PASSED] - Object: 'Object Repository/Page_Sales Performance Home/span_Sales Performance Home' is clicked on

2018-09-05 15:25:59 - [TEST_STEP][PASSED] - click: Object: 'Object Repository/Page_Sales Performance Home/a_Commissions' is clicked on

2018-09-05 15:25:59 - [MESSAGE][PASSED] - Object: 'Object Repository/Page_Sales Performance Home/a_Commissions' is clicked on

2018-09-05 15:25:59 - [TEST_STEP][PASSED] - click: Object: 'Object Repository/Page_Callidus Cloud Commissions Man/a_Manage Setup' is clicked on

2018-09-05 15:26:23 - [MESSAGE][PASSED] - Object: 'Object Repository/Page_Callidus Cloud Commissions Man/a_Manage Setup' is clicked on]]></system-out>
         <system-err><![CDATA[]]></system-err>
      </testcase>
      <testcase name="Test Cases/Commission Logout" classname="Test Cases/Commission Logout" status="PASSED">
         <system-out><![CDATA[2018-09-05 15:26:23 - [TEST_CASE][PASSED] - Test Cases/Commission Logout: Test Cases/Commission Logout

2018-09-05 15:26:23 - [TEST_STEP][PASSED] - click: Object: 'Object Repository/Page_Callidus Cloud Commissions Man/span_rkulkarncalliduscloud.com' is clicked on

2018-09-05 15:26:24 - [MESSAGE][PASSED] - Object: 'Object Repository/Page_Callidus Cloud Commissions Man/span_rkulkarncalliduscloud.com' is clicked on

2018-09-05 15:26:24 - [TEST_STEP][PASSED] - delay: Delayed 3 second(s)

2018-09-05 15:26:27 - [MESSAGE][PASSED] - Delayed 3 second(s)

2018-09-05 15:26:27 - [TEST_STEP][PASSED] - click: Object: 'Object Repository/Page_Callidus Cloud Commissions Man/div_Logout' is clicked on

2018-09-05 15:26:28 - [MESSAGE][PASSED] - Object: 'Object Repository/Page_Callidus Cloud Commissions Man/div_Logout' is clicked on

2018-09-05 15:26:28 - [TEST_STEP][PASSED] - closeBrowser: Browser is closed

2018-09-05 15:26:29 - [MESSAGE][PASSED] - Browser is closed]]></system-out>
         <system-err><![CDATA[]]></system-err>
      </testcase>
      <testcase name="Test Cases/Earning Codes exist in the system" classname="Test Cases/Earning Codes exist in the system" status="PASSED">
         <system-out><![CDATA[2018-09-05 15:26:29 - [TEST_CASE][PASSED] - Test Cases/Earning Codes exist in the system: Test Cases/Earning Codes exist in the system

2018-09-05 15:26:29 - [TEST_STEP][PASSED] - callTestCase: Call Test Case 'Test Cases/Commission Login' successfully

2018-09-05 15:26:29 - [TEST_CASE][PASSED] - Test Cases/Commission Login: Test Cases/Commission Login

2018-09-05 15:26:29 - [TEST_STEP][PASSED] - openBrowser: Browser is opened with url: ''

2018-09-05 15:26:31 - [MESSAGE][PASSED] - Browser is opened with url: ''

2018-09-05 15:26:31 - [TEST_STEP][PASSED] - navigateToUrl: Navigate to 'https://biz3-tst.callidusondemand.com/SalesPortal/#!/' successfully

2018-09-05 15:26:42 - [MESSAGE][PASSED] - Navigate to 'https://biz3-tst.callidusondemand.com/SalesPortal/#!/' successfully

2018-09-05 15:26:42 - [TEST_STEP][PASSED] - maximizeWindow: Current window maximized

2018-09-05 15:26:43 - [MESSAGE][PASSED] - Current window maximized

2018-09-05 15:26:43 - [TEST_STEP][PASSED] - setText: Text 'sanrao@calliduscloud.com' is set on object 'Object Repository/Page_Sales Performance Home/input_username'

2018-09-05 15:26:44 - [MESSAGE][PASSED] - Text 'sanrao@calliduscloud.com' is set on object 'Object Repository/Page_Sales Performance Home/input_username'

2018-09-05 15:26:44 - [TEST_STEP][PASSED] - setText: Text 'India987&' is set on object 'Object Repository/Page_Sales Performance Home/input_password'

2018-09-05 15:26:44 - [MESSAGE][PASSED] - Text 'India987&' is set on object 'Object Repository/Page_Sales Performance Home/input_password'

2018-09-05 15:26:44 - [TEST_STEP][PASSED] - click: Object: 'Object Repository/Page_Sales Performance Home/button_Login' is clicked on

2018-09-05 15:26:44 - [MESSAGE][PASSED] - Object: 'Object Repository/Page_Sales Performance Home/button_Login' is clicked on

2018-09-05 15:26:44 - [TEST_STEP][PASSED] - click: Object: 'Object Repository/Page_Sales Performance Home/span_Sales Performance Home' is clicked on

2018-09-05 15:26:48 - [MESSAGE][PASSED] - Object: 'Object Repository/Page_Sales Performance Home/span_Sales Performance Home' is clicked on

2018-09-05 15:26:48 - [TEST_STEP][PASSED] - click: Object: 'Object Repository/Page_Sales Performance Home/a_Commissions' is clicked on

2018-09-05 15:26:49 - [MESSAGE][PASSED] - Object: 'Object Repository/Page_Sales Performance Home/a_Commissions' is clicked on

2018-09-05 15:26:49 - [TEST_STEP][PASSED] - click: Object: 'Object Repository/Page_Callidus Cloud Commissions Man/a_Manage Setup' is clicked on

2018-09-05 15:27:12 - [MESSAGE][PASSED] - Object: 'Object Repository/Page_Callidus Cloud Commissions Man/a_Manage Setup' is clicked on

2018-09-05 15:27:12 - [MESSAGE][PASSED] - Call Test Case 'Test Cases/Commission Login' successfully

2018-09-05 15:27:12 - [TEST_STEP][PASSED] - mouseOver: Object: 'Object Repository/Page_Callidus Cloud Commissions Man/div_ADMINISTRATION' is hovered

2018-09-05 15:27:13 - [MESSAGE][PASSED] - Object: 'Object Repository/Page_Callidus Cloud Commissions Man/div_ADMINISTRATION' is hovered

2018-09-05 15:27:13 - [TEST_STEP][PASSED] - scrollToElement: Scroll to object 'Object Repository/Page_Callidus Cloud Commissions Man/a_Earning Codes' successfully

2018-09-05 15:27:14 - [MESSAGE][PASSED] - Scroll to object 'Object Repository/Page_Callidus Cloud Commissions Man/a_Earning Codes' successfully

2018-09-05 15:27:14 - [TEST_STEP][PASSED] - click: Object: 'Object Repository/Page_Callidus Cloud Commissions Man/a_Earning Codes' is clicked on

2018-09-05 15:27:15 - [MESSAGE][PASSED] - Object: 'Object Repository/Page_Callidus Cloud Commissions Man/a_Earning Codes' is clicked on

2018-09-05 15:27:15 - [TEST_STEP][PASSED] - setText: Text 'bonus' is set on object 'Object Repository/Page_Callidus Cloud Commissions Man/input_Enter Search Terms'

2018-09-05 15:27:16 - [MESSAGE][PASSED] - Text 'bonus' is set on object 'Object Repository/Page_Callidus Cloud Commissions Man/input_Enter Search Terms'

2018-09-05 15:27:16 - [TEST_STEP][PASSED] - click: Object: 'Object Repository/Page_Callidus Cloud Commissions Man/input_spotlight-search' is clicked on

2018-09-05 15:27:16 - [MESSAGE][PASSED] - Object: 'Object Repository/Page_Callidus Cloud Commissions Man/input_spotlight-search' is clicked on

2018-09-05 15:27:16 - [TEST_STEP][PASSED] - callTestCase: Call Test Case 'Test Cases/Commission Logout' successfully

2018-09-05 15:27:16 - [TEST_CASE][PASSED] - Test Cases/Commission Logout: Test Cases/Commission Logout

2018-09-05 15:27:16 - [TEST_STEP][PASSED] - click: Object: 'Object Repository/Page_Callidus Cloud Commissions Man/span_rkulkarncalliduscloud.com' is clicked on

2018-09-05 15:27:16 - [MESSAGE][PASSED] - Object: 'Object Repository/Page_Callidus Cloud Commissions Man/span_rkulkarncalliduscloud.com' is clicked on

2018-09-05 15:27:16 - [TEST_STEP][PASSED] - delay: Delayed 3 second(s)

2018-09-05 15:27:19 - [MESSAGE][PASSED] - Delayed 3 second(s)

2018-09-05 15:27:19 - [TEST_STEP][PASSED] - click: Object: 'Object Repository/Page_Callidus Cloud Commissions Man/div_Logout' is clicked on

2018-09-05 15:27:20 - [MESSAGE][PASSED] - Object: 'Object Repository/Page_Callidus Cloud Commissions Man/div_Logout' is clicked on

2018-09-05 15:27:20 - [TEST_STEP][PASSED] - closeBrowser: Browser is closed

2018-09-05 15:27:21 - [MESSAGE][PASSED] - Browser is closed

2018-09-05 15:27:21 - [MESSAGE][PASSED] - Call Test Case 'Test Cases/Commission Logout' successfully]]></system-out>
         <system-err><![CDATA[]]></system-err>
      </testcase>
      <system-out><![CDATA[2018-09-05 15:25:35 - [TEST_SUITE][PASSED] - TestDemo: Test Cases/Earning Codes exist in the system]]></system-out>
      <system-err><![CDATA[]]></system-err>
   </testsuite>
</testsuites>
