<?xml version="1.0" encoding="UTF-8"?>
<testsuites name="TestDemo" time="53" tests="1" failures="0" errors="0">
   <testsuite name="TestDemo" tests="1" failures="0" errors="0" time="53" timestamp="2018-09-05 15:29:51" hostname="sanrao - 1971WS1-E6330.callidussoftware.com" id="Test Suites/TestDemo">
      <properties>
         <property name="deviceName" value=""/>
         <property name="devicePlatform" value=""/>
         <property name="logFolder" value="C:\\Users\\sanrao\\git\\UAT_Commission\\Reports\\TestDemo\\20180905_152948"/>
         <property name="logFiles" value="C:\\Users\\sanrao\\git\\UAT_Commission\\Reports\\TestDemo\\20180905_152948\\execution0.log"/>
         <property name="attachments" value=""/>
         <property name="hostName" value="sanrao - 1971WS1-E6330.callidussoftware.com"/>
         <property name="os" value="Windows 10 64bit"/>
         <property name="katalonVersion" value="5.6.3.1"/>
         <property name="browser" value="Chrome 68.0.3440.106"/>
         <property name="hostAddress" value="192.168.245.13"/>
         <property name="sessionId" value="1f848efb9517d2ad96f0bbd3564d5132"/>
         <property name="seleniumVersion" value="3.7.1"/>
         <property name="proxyInformation" value="ProxyInformation{proxyOption=NO_PROXY, proxyServerType=HTTP, password=, proxyServerAddress=, proxyServerPort=0}"/>
         <property name="platform" value="Windows 10"/>
      </properties>
      <testcase name="Test Cases/Earning Codes exist in the system" classname="Test Cases/Earning Codes exist in the system" status="PASSED">
         <system-out><![CDATA[2018-09-05 15:29:51 - [TEST_CASE][PASSED] - Test Cases/Earning Codes exist in the system: Test Cases/Earning Codes exist in the system

2018-09-05 15:29:52 - [TEST_STEP][PASSED] - callTestCase: Call Test Case 'Test Cases/Commission Login' successfully

2018-09-05 15:29:52 - [TEST_CASE][PASSED] - Test Cases/Commission Login: Test Cases/Commission Login

2018-09-05 15:29:52 - [TEST_STEP][PASSED] - openBrowser: Browser is opened with url: ''

2018-09-05 15:29:56 - [MESSAGE][PASSED] - Browser is opened with url: ''

2018-09-05 15:29:56 - [TEST_STEP][PASSED] - navigateToUrl: Navigate to 'https://biz3-tst.callidusondemand.com/SalesPortal/#!/' successfully

2018-09-05 15:30:07 - [MESSAGE][PASSED] - Navigate to 'https://biz3-tst.callidusondemand.com/SalesPortal/#!/' successfully

2018-09-05 15:30:07 - [TEST_STEP][PASSED] - maximizeWindow: Current window maximized

2018-09-05 15:30:08 - [MESSAGE][PASSED] - Current window maximized

2018-09-05 15:30:08 - [TEST_STEP][PASSED] - setText: Text 'sanrao@calliduscloud.com' is set on object 'Object Repository/Page_Sales Performance Home/input_username'

2018-09-05 15:30:08 - [MESSAGE][PASSED] - Text 'sanrao@calliduscloud.com' is set on object 'Object Repository/Page_Sales Performance Home/input_username'

2018-09-05 15:30:08 - [TEST_STEP][PASSED] - setText: Text 'India987&' is set on object 'Object Repository/Page_Sales Performance Home/input_password'

2018-09-05 15:30:09 - [MESSAGE][PASSED] - Text 'India987&' is set on object 'Object Repository/Page_Sales Performance Home/input_password'

2018-09-05 15:30:09 - [TEST_STEP][PASSED] - click: Object: 'Object Repository/Page_Sales Performance Home/button_Login' is clicked on

2018-09-05 15:30:09 - [MESSAGE][PASSED] - Object: 'Object Repository/Page_Sales Performance Home/button_Login' is clicked on

2018-09-05 15:30:09 - [TEST_STEP][PASSED] - click: Object: 'Object Repository/Page_Sales Performance Home/span_Sales Performance Home' is clicked on

2018-09-05 15:30:12 - [MESSAGE][PASSED] - Object: 'Object Repository/Page_Sales Performance Home/span_Sales Performance Home' is clicked on

2018-09-05 15:30:12 - [TEST_STEP][PASSED] - click: Object: 'Object Repository/Page_Sales Performance Home/a_Commissions' is clicked on

2018-09-05 15:30:13 - [MESSAGE][PASSED] - Object: 'Object Repository/Page_Sales Performance Home/a_Commissions' is clicked on

2018-09-05 15:30:13 - [TEST_STEP][PASSED] - click: Object: 'Object Repository/Page_Callidus Cloud Commissions Man/a_Manage Setup' is clicked on

2018-09-05 15:30:36 - [MESSAGE][PASSED] - Object: 'Object Repository/Page_Callidus Cloud Commissions Man/a_Manage Setup' is clicked on

2018-09-05 15:30:36 - [MESSAGE][PASSED] - Call Test Case 'Test Cases/Commission Login' successfully

2018-09-05 15:30:36 - [TEST_STEP][PASSED] - mouseOver: Object: 'Object Repository/Page_Callidus Cloud Commissions Man/div_ADMINISTRATION' is hovered

2018-09-05 15:30:36 - [MESSAGE][PASSED] - Object: 'Object Repository/Page_Callidus Cloud Commissions Man/div_ADMINISTRATION' is hovered

2018-09-05 15:30:36 - [TEST_STEP][PASSED] - scrollToElement: Scroll to object 'Object Repository/Page_Callidus Cloud Commissions Man/a_Earning Codes' successfully

2018-09-05 15:30:37 - [MESSAGE][PASSED] - Scroll to object 'Object Repository/Page_Callidus Cloud Commissions Man/a_Earning Codes' successfully

2018-09-05 15:30:37 - [TEST_STEP][PASSED] - click: Object: 'Object Repository/Page_Callidus Cloud Commissions Man/a_Earning Codes' is clicked on

2018-09-05 15:30:39 - [MESSAGE][PASSED] - Object: 'Object Repository/Page_Callidus Cloud Commissions Man/a_Earning Codes' is clicked on

2018-09-05 15:30:39 - [TEST_STEP][PASSED] - setText: Text 'bonus' is set on object 'Object Repository/Page_Callidus Cloud Commissions Man/input_Enter Search Terms'

2018-09-05 15:30:39 - [MESSAGE][PASSED] - Text 'bonus' is set on object 'Object Repository/Page_Callidus Cloud Commissions Man/input_Enter Search Terms'

2018-09-05 15:30:39 - [TEST_STEP][PASSED] - click: Object: 'Object Repository/Page_Callidus Cloud Commissions Man/input_spotlight-search' is clicked on

2018-09-05 15:30:39 - [MESSAGE][PASSED] - Object: 'Object Repository/Page_Callidus Cloud Commissions Man/input_spotlight-search' is clicked on

2018-09-05 15:30:39 - [TEST_STEP][PASSED] - callTestCase: Call Test Case 'Test Cases/Commission Logout' successfully

2018-09-05 15:30:39 - [TEST_CASE][PASSED] - Test Cases/Commission Logout: Test Cases/Commission Logout

2018-09-05 15:30:40 - [TEST_STEP][PASSED] - click: Object: 'Object Repository/Page_Callidus Cloud Commissions Man/span_rkulkarncalliduscloud.com' is clicked on

2018-09-05 15:30:40 - [MESSAGE][PASSED] - Object: 'Object Repository/Page_Callidus Cloud Commissions Man/span_rkulkarncalliduscloud.com' is clicked on

2018-09-05 15:30:40 - [TEST_STEP][PASSED] - delay: Delayed 3 second(s)

2018-09-05 15:30:43 - [MESSAGE][PASSED] - Delayed 3 second(s)

2018-09-05 15:30:43 - [TEST_STEP][PASSED] - click: Object: 'Object Repository/Page_Callidus Cloud Commissions Man/div_Logout' is clicked on

2018-09-05 15:30:44 - [MESSAGE][PASSED] - Object: 'Object Repository/Page_Callidus Cloud Commissions Man/div_Logout' is clicked on

2018-09-05 15:30:44 - [TEST_STEP][PASSED] - closeBrowser: Browser is closed

2018-09-05 15:30:45 - [MESSAGE][PASSED] - Browser is closed

2018-09-05 15:30:45 - [MESSAGE][PASSED] - Call Test Case 'Test Cases/Commission Logout' successfully]]></system-out>
         <system-err><![CDATA[]]></system-err>
      </testcase>
      <system-out><![CDATA[2018-09-05 15:29:51 - [TEST_SUITE][PASSED] - TestDemo: Test Cases/Earning Codes exist in the system]]></system-out>
      <system-err><![CDATA[]]></system-err>
   </testsuite>
</testsuites>
