<?xml version="1.0" encoding="UTF-8"?>
<testsuites name="TestDemo" time="61" tests="1" failures="0" errors="0">
   <testsuite name="TestDemo" tests="1" failures="0" errors="0" time="61" timestamp="2018-09-07 14:56:03" hostname="sanrao - 1971WS1-E6330.callidussoftware.com" id="Test Suites/TestDemo">
      <properties>
         <property name="deviceName" value=""/>
         <property name="devicePlatform" value=""/>
         <property name="logFolder" value="C:\\Users\\sanrao\\git\\UAT_Commission\\Reports\\TestDemo\\20180907_145601"/>
         <property name="logFiles" value="C:\\Users\\sanrao\\git\\UAT_Commission\\Reports\\TestDemo\\20180907_145601\\execution0.log"/>
         <property name="attachments" value=""/>
         <property name="hostName" value="sanrao - 1971WS1-E6330.callidussoftware.com"/>
         <property name="os" value="Windows 10 64bit"/>
         <property name="katalonVersion" value="5.7.0.1"/>
         <property name="browser" value="Chrome 68.0.3440.106"/>
         <property name="hostAddress" value="192.168.245.13"/>
         <property name="sessionId" value="2d20849a3f55b5f6f719431eb6b6ad16"/>
         <property name="seleniumVersion" value="3.7.1"/>
         <property name="proxyInformation" value="ProxyInformation{proxyOption=NO_PROXY, proxyServerType=HTTP, password=, proxyServerAddress=, proxyServerPort=0}"/>
         <property name="platform" value="Windows 10"/>
      </properties>
      <testcase name="Test Cases/Rate_Table_Variable_exist_in_the_system" classname="Test Cases/Rate_Table_Variable_exist_in_the_system" status="PASSED">
         <system-out><![CDATA[2018-09-07 14:56:04 - [TEST_CASE][PASSED] - Test Cases/Rate_Table_Variable_exist_in_the_system: Test Cases/Rate_Table_Variable_exist_in_the_system

2018-09-07 14:56:04 - [TEST_STEP][PASSED] - callTestCase: Call Test Case 'Test Cases/Commission Login' successfully

2018-09-07 14:56:04 - [TEST_CASE][PASSED] - Test Cases/Commission Login: Test Cases/Commission Login

2018-09-07 14:56:05 - [TEST_STEP][PASSED] - openBrowser: Browser is opened with url: ''

2018-09-07 14:56:09 - [MESSAGE][PASSED] - Browser is opened with url: ''

2018-09-07 14:56:09 - [TEST_STEP][PASSED] - navigateToUrl: Navigate to 'https://biz3-tst.callidusondemand.com/SalesPortal/#!/' successfully

2018-09-07 14:56:21 - [MESSAGE][PASSED] - Navigate to 'https://biz3-tst.callidusondemand.com/SalesPortal/#!/' successfully

2018-09-07 14:56:21 - [TEST_STEP][PASSED] - maximizeWindow: Current window maximized

2018-09-07 14:56:22 - [MESSAGE][PASSED] - Current window maximized

2018-09-07 14:56:22 - [TEST_STEP][PASSED] - setText: Text 'sanrao@calliduscloud.com' is set on object 'Object Repository/Page_Sales Performance Home/input_username'

2018-09-07 14:56:23 - [MESSAGE][PASSED] - Text 'sanrao@calliduscloud.com' is set on object 'Object Repository/Page_Sales Performance Home/input_username'

2018-09-07 14:56:23 - [TEST_STEP][PASSED] - setText: Text 'India987&' is set on object 'Object Repository/Page_Sales Performance Home/input_password'

2018-09-07 14:56:23 - [MESSAGE][PASSED] - Text 'India987&' is set on object 'Object Repository/Page_Sales Performance Home/input_password'

2018-09-07 14:56:23 - [TEST_STEP][PASSED] - click: Object: 'Object Repository/Page_Sales Performance Home/button_Login' is clicked on

2018-09-07 14:56:23 - [MESSAGE][PASSED] - Object: 'Object Repository/Page_Sales Performance Home/button_Login' is clicked on

2018-09-07 14:56:23 - [TEST_STEP][PASSED] - click: Object: 'Object Repository/Page_Sales Performance Home/span_Sales Performance Home' is clicked on

2018-09-07 14:56:28 - [MESSAGE][PASSED] - Object: 'Object Repository/Page_Sales Performance Home/span_Sales Performance Home' is clicked on

2018-09-07 14:56:28 - [TEST_STEP][PASSED] - click: Object: 'Object Repository/Page_Sales Performance Home/a_Commissions' is clicked on

2018-09-07 14:56:29 - [MESSAGE][PASSED] - Object: 'Object Repository/Page_Sales Performance Home/a_Commissions' is clicked on

2018-09-07 14:56:29 - [TEST_STEP][PASSED] - click: Object: 'Object Repository/Page_Callidus Cloud Commissions Man/a_Manage Setup' is clicked on

2018-09-07 14:56:52 - [MESSAGE][PASSED] - Object: 'Object Repository/Page_Callidus Cloud Commissions Man/a_Manage Setup' is clicked on

2018-09-07 14:56:53 - [MESSAGE][PASSED] - Call Test Case 'Test Cases/Commission Login' successfully

2018-09-07 14:56:53 - [TEST_STEP][PASSED] - mouseOver: Object: 'Object Repository/Page_Callidus Cloud Commissions Man/div_PLAN' is hovered

2018-09-07 14:56:53 - [MESSAGE][PASSED] - Object: 'Object Repository/Page_Callidus Cloud Commissions Man/div_PLAN' is hovered

2018-09-07 14:56:53 - [TEST_STEP][PASSED] - scrollToElement: Scroll to object 'Object Repository/Page_Callidus Cloud Commissions Man/a_Plan Components' successfully

2018-09-07 14:56:53 - [MESSAGE][PASSED] - Scroll to object 'Object Repository/Page_Callidus Cloud Commissions Man/a_Plan Components' successfully

2018-09-07 14:56:53 - [TEST_STEP][PASSED] - scrollToElement: Scroll to object 'Object Repository/Page_Callidus Cloud Commissions Man/a_Variables' successfully

2018-09-07 14:56:53 - [MESSAGE][PASSED] - Scroll to object 'Object Repository/Page_Callidus Cloud Commissions Man/a_Variables' successfully

2018-09-07 14:56:53 - [TEST_STEP][PASSED] - click: Object: 'Object Repository/Page_Callidus Cloud Commissions Man/a_Variables' is clicked on

2018-09-07 14:56:55 - [MESSAGE][PASSED] - Object: 'Object Repository/Page_Callidus Cloud Commissions Man/a_Variables' is clicked on

2018-09-07 14:56:55 - [TEST_STEP][PASSED] - click: Object: 'Object Repository/Page_Callidus Cloud Commissions Man/a_Advanced Search' is clicked on

2018-09-07 14:56:55 - [MESSAGE][PASSED] - Object: 'Object Repository/Page_Callidus Cloud Commissions Man/a_Advanced Search' is clicked on

2018-09-07 14:56:55 - [TEST_STEP][PASSED] - click: Object: 'Object Repository/Page_Callidus Cloud Commissions Man/td_Field Name' is clicked on

2018-09-07 14:56:57 - [MESSAGE][PASSED] - Object: 'Object Repository/Page_Callidus Cloud Commissions Man/td_Field Name' is clicked on

2018-09-07 14:56:57 - [TEST_STEP][PASSED] - scrollToElement: Scroll to object 'Object Repository/Page_Callidus Cloud Commissions Man/option_Variables' successfully

2018-09-07 14:56:57 - [MESSAGE][PASSED] - Scroll to object 'Object Repository/Page_Callidus Cloud Commissions Man/option_Variables' successfully

2018-09-07 14:56:57 - [TEST_STEP][PASSED] - click: Object: 'Object Repository/Page_Callidus Cloud Commissions Man/option_Variables' is clicked on

2018-09-07 14:56:57 - [MESSAGE][PASSED] - Object: 'Object Repository/Page_Callidus Cloud Commissions Man/option_Variables' is clicked on

2018-09-07 14:56:57 - [TEST_STEP][PASSED] - click: Object: 'Object Repository/Page_Callidus Cloud Commissions Man/td_Comparision' is clicked on

2018-09-07 14:56:57 - [MESSAGE][PASSED] - Object: 'Object Repository/Page_Callidus Cloud Commissions Man/td_Comparision' is clicked on

2018-09-07 14:56:57 - [TEST_STEP][PASSED] - scrollToElement: Scroll to object 'Object Repository/Page_Callidus Cloud Commissions Man/option_Equals' successfully

2018-09-07 14:56:57 - [MESSAGE][PASSED] - Scroll to object 'Object Repository/Page_Callidus Cloud Commissions Man/option_Equals' successfully

2018-09-07 14:56:57 - [TEST_STEP][PASSED] - click: Object: 'Object Repository/Page_Callidus Cloud Commissions Man/option_Equals' is clicked on

2018-09-07 14:56:57 - [MESSAGE][PASSED] - Object: 'Object Repository/Page_Callidus Cloud Commissions Man/option_Equals' is clicked on

2018-09-07 14:56:57 - [TEST_STEP][PASSED] - setText: Text 'Var_RT_Demo2' is set on object 'Object Repository/Page_Callidus Cloud Commissions Man/td_Value'

2018-09-07 14:56:58 - [MESSAGE][PASSED] - Text 'Var_RT_Demo2' is set on object 'Object Repository/Page_Callidus Cloud Commissions Man/td_Value'

2018-09-07 14:56:58 - [TEST_STEP][PASSED] - click: Object: 'Object Repository/Page_Callidus Cloud Commissions Man/input_Apply Search' is clicked on

2018-09-07 14:56:58 - [MESSAGE][PASSED] - Object: 'Object Repository/Page_Callidus Cloud Commissions Man/input_Apply Search' is clicked on

2018-09-07 14:56:58 - [TEST_STEP][PASSED] - delay: Delayed 5 second(s)

2018-09-07 14:57:03 - [MESSAGE][PASSED] - Delayed 5 second(s)

2018-09-07 14:57:03 - [TEST_STEP][PASSED] - callTestCase: Call Test Case 'Test Cases/Commission Logout' successfully

2018-09-07 14:57:04 - [TEST_CASE][PASSED] - Test Cases/Commission Logout: Test Cases/Commission Logout

2018-09-07 14:57:04 - [TEST_STEP][PASSED] - click: Object: 'Object Repository/Page_Callidus Cloud Commissions Man/span_rkulkarncalliduscloud.com' is clicked on

2018-09-07 14:57:04 - [MESSAGE][PASSED] - Object: 'Object Repository/Page_Callidus Cloud Commissions Man/span_rkulkarncalliduscloud.com' is clicked on

2018-09-07 14:57:04 - [TEST_STEP][PASSED] - click: Object: 'Object Repository/Page_Callidus Cloud Commissions Man/div_Logout' is clicked on

2018-09-07 14:57:04 - [MESSAGE][PASSED] - Object: 'Object Repository/Page_Callidus Cloud Commissions Man/div_Logout' is clicked on

2018-09-07 14:57:04 - [TEST_STEP][PASSED] - closeBrowser: Browser is closed

2018-09-07 14:57:05 - [MESSAGE][PASSED] - Browser is closed

2018-09-07 14:57:05 - [MESSAGE][PASSED] - Call Test Case 'Test Cases/Commission Logout' successfully]]></system-out>
         <system-err><![CDATA[]]></system-err>
      </testcase>
      <system-out><![CDATA[2018-09-07 14:56:03 - [TEST_SUITE][PASSED] - TestDemo: Test Cases/Rate_Table_Variable_exist_in_the_system]]></system-out>
      <system-err><![CDATA[]]></system-err>
   </testsuite>
</testsuites>
